<?xml version="1.0" encoding="UTF-8"?>
<testng-results ignored="0" total="2" passed="2" failed="0" skipped="0">
  <reporter-output>
  </reporter-output>
  <suite started-at="2023-01-19T00:08:21 MSK" name="Surefire suite" finished-at="2023-01-19T00:10:18 MSK" duration-ms="116706">
    <groups>
    </groups>
    <test started-at="2023-01-19T00:08:21 MSK" name="Surefire test" finished-at="2023-01-19T00:10:18 MSK" duration-ms="116706">
      <class name="PetstoreApiTests.PetstoreTests">
        <test-method signature="e2eApiTest()[pri:0, instance:PetstoreApiTests.PetstoreTests@f8f56b9]" started-at="2023-01-19T00:08:21 MSK" name="e2eApiTest" finished-at="2023-01-19T00:08:30 MSK" duration-ms="8257" status="PASS">
          <reporter-output>
          </reporter-output>
        </test-method> <!-- e2eApiTest -->
      </class> <!-- PetstoreApiTests.PetstoreTests -->
      <class name="SberleasingUiTest.SberleasingTest">
        <test-method is-config="true" signature="initDriver()[pri:0, instance:SberleasingUiTest.SberleasingTest@6dd91637]" started-at="2023-01-19T00:08:30 MSK" name="initDriver" finished-at="2023-01-19T00:08:30 MSK" duration-ms="325" status="PASS">
          <reporter-output>
          </reporter-output>
        </test-method> <!-- initDriver -->
        <test-method signature="findCarTest()[pri:0, instance:SberleasingUiTest.SberleasingTest@6dd91637]" started-at="2023-01-19T00:08:30 MSK" name="findCarTest" finished-at="2023-01-19T00:10:18 MSK" duration-ms="107798" status="PASS">
          <reporter-output>
          </reporter-output>
        </test-method> <!-- findCarTest -->
        <test-method is-config="true" signature="tearDown()[pri:0, instance:SberleasingUiTest.SberleasingTest@6dd91637]" started-at="2023-01-19T00:10:18 MSK" name="tearDown" finished-at="2023-01-19T00:10:18 MSK" duration-ms="164" status="PASS">
          <reporter-output>
          </reporter-output>
        </test-method> <!-- tearDown -->
      </class> <!-- SberleasingUiTest.SberleasingTest -->
    </test> <!-- Surefire test -->
  </suite> <!-- Surefire suite -->
</testng-results>
