<?xml version="1.0" encoding="UTF-8"?>
<testsuite xmlns:xsi="http://www.w3.org/2001/XMLSchema-instance" xsi:noNamespaceSchemaLocation="https://maven.apache.org/surefire/maven-surefire-plugin/xsd/surefire-test-report.xsd" name="TestSuite" time="117.933" tests="2" errors="0" skipped="0" failures="0">
  <properties>
[...]
</properties>
  <testcase name="e2eApiTest" classname="PetstoreApiTests.PetstoreTests" time="8.342"/>
  <testcase name="findCarTest" classname="SberleasingUiTest.SberleasingTest" time="107.8"/>
</testsuite>